[19495.172157] invalid opcode: 0000 [#1] SMP PTI
[19495.375621] Modules linked in: ufs msdos xfs vboxsf(OE) isofs vboxvideo(OE) drm_kms_helper ttm input_leds video serio_raw drm fb_sys_fops syscopyarea sysfillrect sysimgblt vboxguest(OE) sch_fq_codel ib_iser rdma_cm iw_cm ib_cm ib_core iscsi_tcp libiscsi_tcp libiscsi scsi_transport_iscsi ip_tables x_tables autofs4 btrfs zstd_compress raid10 raid456 async_raid6_recov async_memcpy async_pq async_xor async_tx xor raid6_pq libcrc32c raid1 raid0 multipath linear crct10dif_pclmul crc32_pclmul ghash_clmulni_intel pcbc aesni_intel aes_x86_64 crypto_simd glue_helper cryptd mptspi scsi_transport_spi mptscsih psmouse e1000 mptbase
[19495.684723] CPU: 0 PID: 0 Comm: swapper/0 Tainted: G           OE    4.15.0-43-generic #46-Ubuntu
[19495.783540] Hardware name: innotek GmbH VirtualBox/VirtualBox, BIOS VirtualBox 12/01/2006
[19495.788167] RIP: 0010:add_interrupt_randomness+0x145/0x210
[19495.790930] RSP: 0018:ffff919effc03f00 EFLAGS: 00010082
[19495.795516] RAX: 0000000000000000 RBX: ffff919effc1fec0 RCX: 000000000000001a
[19495.956397] RDX: ffffffffbc5053ac RSI: ffff919effc1fed0 RDI: ffffffffbbf8d3a0
[19495.962861] RBP: ffff919effc03f20 R08: 000000000000000b R09: 000000000000007f
[19495.984394] e1000: enp0s3 NIC Link is Down
[19496.180888] R10: ffffffffbb8ac200 R11: 0000000000000068 R12: 0000000100493be6
[19496.183780] R13: ffffffffbc05b260 R14: 0000000000000026 R15: 0000000000000000
[19496.188485] FS:  0000000000000000(0000) GS:ffff919effc00000(0000) knlGS:0000000000000000
[19496.190900] CS:  0010 DS: 0000 ES: 0000 CR0: 0000000080050033
[19496.192607] CR2: 0000558588cdf598 CR3: 000000003a40a001 CR4: 00000000000606f0
[19496.194714] Call Trace:
[19496.195485]  <IRQ>
[19496.196144]  handle_irq_event_percpu+0x40/0x80
[19496.197496]  handle_irq_event+0x3b/0x60
[19496.198652]  handle_fasteoi_irq+0x75/0x130
[19496.199886]  handle_irq+0x20/0x30
[19496.200896]  do_IRQ+0x4e/0xd0
[19496.201811]  common_interrupt+0x84/0x84
[19496.202966]  </IRQ>
[19496.203641] RIP: 0010:native_safe_halt+0x6/0x10
[19496.205017] RSP: 0018:ffffffffbbe03e28 EFLAGS: 00010246 ORIG_RAX: ffffffffffffffd9
[19496.207857] RAX: ffffffffbb39db40 RBX: 0000000000000000 RCX: 0000000000000000
[19496.210737] RDX: 0000000000000000 RSI: 0000000000000000 RDI: 0000000000000000
[19496.214202] RBP: ffffffffbbe03e28 R08: 0000000000000002 R09: 0000000000000001
[19496.218528] R10: 0000000000000000 R11: 0000000000000000 R12: 0000000000000000
[19496.222904] R13: 0000000000000000 R14: 0000000000000000 R15: 0000000000000000
[19496.226242]  ? __cpuidle_text_start+0x8/0x8
[19496.229180]  default_idle+0x20/0x100
[19496.394677]  arch_cpu_idle+0x15/0x20
[19496.397372]  default_idle_call+0x23/0x30
[19496.410628]  do_idle+0x172/0x1f0
[19496.418488]  cpu_startup_entry+0x73/0x80
[19496.420671]  rest_init+0xae/0xb0
[19496.422446]  start_kernel+0x4dc/0x4fd
[19496.424372]  x86_64_start_reservations+0x24/0x26
[19496.565903]  x86_64_start_kernel+0x74/0x77
[19496.570131]  secondary_startup_64+0xa5/0xb0
[19496.572186] Code: c7 e8 d3 f8 bb e8 cc b8 38 00 85 c0 74 d4 4c 89 63 10 ba 10 00 00 00 48 89 de 48 c7 c7 a0 d3 f8 bb e8 e0 ca ff ff 0f 1f 44 00 00 <48> 0f c7 f8 be 01 00 00 00 48 89 45 e0 73 1a 48 8d 75 e0 ba 08 
[19496.582331] RIP: add_interrupt_randomness+0x145/0x210 RSP: ffff919effc03f00
[19496.592989] ---[ end trace cf282f68cffdc2c0 ]---
[19496.594706] Kernel panic - not syncing: Fatal exception in interrupt
[19496.597950] Kernel Offset: 0x39a00000 from 0xffffffff81000000 (relocation range: 0xffffffff80000000-0xffffffffbfffffff)
[19496.602141] ---[ end Kernel panic - not syncing: Fatal exception in interrupt
